#
# There is insufficient memory for the Java Runtime Environment to continue.
# Native memory allocation (mmap) failed to map 130023424 bytes for G1 virtual space
# Possible reasons:
#   The system is out of physical RAM or swap space
#   The process is running with CompressedOops enabled, and the Java Heap may be blocking the growth of the native heap
# Possible solutions:
#   Reduce memory load on the system
#   Increase physical memory or swap space
#   Check if swap backing store is full
#   Decrease Java heap size (-Xmx/-Xms)
#   Decrease number of Java threads
#   Decrease Java thread stack sizes (-Xss)
#   Set larger code cache with -XX:ReservedCodeCacheSize=
#   JVM is running with Unscaled Compressed Oops mode in which the Java heap is
#     placed in the first 4GB address space. The Java Heap base address is the
#     maximum limit for the native heap growth. Please use -XX:HeapBaseMinAddress
#     to set the Java Heap base and to place the Java Heap above 4GB virtual address.
# This output file may be truncated or incomplete.
#
#  Out of Memory Error (os_windows.cpp:3550), pid=20596, tid=23940
#
# JRE version:  (17.0.6+9) (build )
# Java VM: Java HotSpot(TM) 64-Bit Server VM (17.0.6+9-LTS-190, mixed mode, sharing, tiered, compressed oops, compressed class ptrs, g1 gc, windows-amd64)
# No core dump will be written. Minidumps are not enabled by default on client versions of Windows
#

---------------  S U M M A R Y ------------

Command Line: -javaagent:C:\Program Files\JetBrains\IntelliJ IDEA Community Edition 2022.3.1\lib\idea_rt.jar=64428:C:\Program Files\JetBrains\IntelliJ IDEA Community Edition 2022.3.1\bin -Dfile.encoding=UTF-8 com.retailer.order.OrderServiceApplication

Host: 11th Gen Intel(R) Core(TM) i5-1145G7 @ 2.60GHz, 8 cores, 7G,  Windows 11 , 64 bit Build 22000 (10.0.22000.1516)
Time: Mon Feb 27 16:46:32 2023 India Standard Time elapsed time: 0.077083 seconds (0d 0h 0m 0s)

---------------  T H R E A D  ---------------

Current thread (0x000002c49a727460):  JavaThread "Unknown thread" [_thread_in_vm, id=23940, stack(0x000000dd0e700000,0x000000dd0e800000)]

Stack: [0x000000dd0e700000,0x000000dd0e800000]
Native frames: (J=compiled Java code, j=interpreted, Vv=VM code, C=native code)
V  [jvm.dll+0x6734ea]
V  [jvm.dll+0x7d18f4]
V  [jvm.dll+0x7d309e]
V  [jvm.dll+0x7d3703]
V  [jvm.dll+0x2433c5]
V  [jvm.dll+0x6703f9]
V  [jvm.dll+0x664d32]
V  [jvm.dll+0x300086]
V  [jvm.dll+0x307606]
V  [jvm.dll+0x356c1e]
V  [jvm.dll+0x356e4f]
V  [jvm.dll+0x2d72e8]
V  [jvm.dll+0x2d8254]
V  [jvm.dll+0x7a33b1]
V  [jvm.dll+0x3647f1]
V  [jvm.dll+0x782839]
V  [jvm.dll+0x3e757f]
V  [jvm.dll+0x3e9001]
C  [jli.dll+0x5297]
C  [ucrtbase.dll+0x26c0c]
C  [KERNEL32.DLL+0x155a0]
C  [ntdll.dll+0x485b]


---------------  P R O C E S S  ---------------

Threads class SMR info:
_java_thread_list=0x00007ffc5ef1e958, length=0, elements={
}

Java Threads: ( => current thread )

Other Threads:
  0x000002c49a780460 GCTaskThread "GC Thread#0" [stack: 0x000000dd0e800000,0x000000dd0e900000] [id=13432]
  0x000002c49a790a70 ConcurrentGCThread "G1 Main Marker" [stack: 0x000000dd0e900000,0x000000dd0ea00000] [id=18272]
  0x000002c49a791390 ConcurrentGCThread "G1 Conc#0" [stack: 0x000000dd0ea00000,0x000000dd0eb00000] [id=12380]

[error occurred during error reporting (printing all threads), id 0xc0000005, EXCEPTION_ACCESS_VIOLATION (0xc0000005) at pc=0x00007ffc5e757f07]

VM state: not at safepoint (not fully initialized)

VM Mutex/Monitor currently owned by a thread:  ([mutex/lock_event])
[0x000002c49a722200] Heap_lock - owner thread: 0x000002c49a727460

Heap address: 0x0000000084200000, size: 1982 MB, Compressed Oops mode: 32-bit

CDS archive(s) mapped at: [0x0000000000000000-0x0000000000000000-0x0000000000000000), size 0, SharedBaseAddress: 0x0000000800000000, ArchiveRelocationMode: 0.
Narrow klass base: 0x0000000000000000, Narrow klass shift: 0, Narrow klass range: 0x0

GC Precious Log:
<Empty>

Heap:
 garbage-first heap   total 0K, used 0K [0x0000000084200000, 0x0000000100000000)
  region size 1024K, 0 young (0K), 0 survivors (0K)

[error occurred during error reporting (printing heap information), id 0xc0000005, EXCEPTION_ACCESS_VIOLATION (0xc0000005) at pc=0x00007ffc5eb3c759]

GC Heap History (0 events):
No events

Deoptimization events (0 events):
No events

Classes unloaded (0 events):
No events

Classes redefined (0 events):
No events

Internal exceptions (0 events):
No events

VM Operations (0 events):
No events

Events (1 events):
Event: 0.061 Loaded shared library C:\Program Files\Java\jdk-17\bin\java.dll


Dynamic libraries:
0x00007ff7fc9b0000 - 0x00007ff7fc9c0000 	C:\Program Files\Java\jdk-17\bin\java.exe
0x00007ffd08580000 - 0x00007ffd08789000 	C:\WINDOWS\SYSTEM32\ntdll.dll
0x00007ffd07fc0000 - 0x00007ffd0807e000 	C:\WINDOWS\System32\KERNEL32.DLL
0x00007ffd05d30000 - 0x00007ffd060ac000 	C:\WINDOWS\System32\KERNELBASE.dll
0x00007ffd060b0000 - 0x00007ffd061c1000 	C:\WINDOWS\System32\ucrtbase.dll
0x00007ffcc4cc0000 - 0x00007ffcc4cd8000 	C:\Program Files\Java\jdk-17\bin\jli.dll
0x00007ffce4b60000 - 0x00007ffce4b7b000 	C:\Program Files\Java\jdk-17\bin\VCRUNTIME140.dll
0x00007ffd08080000 - 0x00007ffd0812e000 	C:\WINDOWS\System32\ADVAPI32.dll
0x00007ffd08250000 - 0x00007ffd082f3000 	C:\WINDOWS\System32\msvcrt.dll
0x00007ffd07da0000 - 0x00007ffd07e3e000 	C:\WINDOWS\System32\sechost.dll
0x00007ffd06400000 - 0x00007ffd06520000 	C:\WINDOWS\System32\RPCRT4.dll
0x00007ffd08390000 - 0x00007ffd0853d000 	C:\WINDOWS\System32\USER32.dll
0x00007ffcea710000 - 0x00007ffcea9b5000 	C:\WINDOWS\WinSxS\amd64_microsoft.windows.common-controls_6595b64144ccf1df_6.0.22000.120_none_9d947278b86cc467\COMCTL32.dll
0x00007ffd05b90000 - 0x00007ffd05bb6000 	C:\WINDOWS\System32\win32u.dll
0x00007ffd07f10000 - 0x00007ffd07f39000 	C:\WINDOWS\System32\GDI32.dll
0x00007ffd062e0000 - 0x00007ffd063f8000 	C:\WINDOWS\System32\gdi32full.dll
0x00007ffd06240000 - 0x00007ffd062dd000 	C:\WINDOWS\System32\msvcp_win.dll
0x00007ffd03e60000 - 0x00007ffd03e6a000 	C:\WINDOWS\SYSTEM32\VERSION.dll
0x00007ffd08210000 - 0x00007ffd08242000 	C:\WINDOWS\System32\IMM32.DLL
0x00007ffd05220000 - 0x00007ffd05322000 	C:\Program Files\Avecto\Privilege Guard Client\PGHook.dll
0x0000000068000000 - 0x0000000068073000 	C:\WINDOWS\System32\QIPCAP64.dll
0x00007ffd06e90000 - 0x00007ffd07655000 	C:\WINDOWS\System32\SHELL32.dll
0x00007ffd043c0000 - 0x00007ffd044a8000 	C:\WINDOWS\SYSTEM32\DNSAPI.dll
0x00007ffd04390000 - 0x00007ffd043bd000 	C:\WINDOWS\SYSTEM32\IPHLPAPI.DLL
0x00007ffd07e40000 - 0x00007ffd07e49000 	C:\WINDOWS\System32\NSI.dll
0x00007ffccb0c0000 - 0x00007ffccb0cc000 	C:\Program Files\Java\jdk-17\bin\vcruntime140_1.dll
0x00007ffc719b0000 - 0x00007ffc71a3e000 	C:\Program Files\Java\jdk-17\bin\msvcp140.dll
0x00007ffc5e470000 - 0x00007ffc5f047000 	C:\Program Files\Java\jdk-17\bin\server\jvm.dll
0x00007ffd06d80000 - 0x00007ffd06d88000 	C:\WINDOWS\System32\PSAPI.DLL
0x00007ffcd6970000 - 0x00007ffcd6979000 	C:\WINDOWS\SYSTEM32\WSOCK32.dll
0x00007ffd07be0000 - 0x00007ffd07c4f000 	C:\WINDOWS\System32\WS2_32.dll
0x00007ffcf95e0000 - 0x00007ffcf9613000 	C:\WINDOWS\SYSTEM32\WINMM.dll
0x00007ffd04860000 - 0x00007ffd04878000 	C:\WINDOWS\SYSTEM32\kernel.appcore.dll
0x00007ffcc5d00000 - 0x00007ffcc5d0a000 	C:\Program Files\Java\jdk-17\bin\jimage.dll
0x00007ffd02c60000 - 0x00007ffd02e81000 	C:\WINDOWS\SYSTEM32\DBGHELP.DLL
0x00007ffce2930000 - 0x00007ffce2961000 	C:\WINDOWS\SYSTEM32\dbgcore.DLL
0x00007ffd05a50000 - 0x00007ffd05acf000 	C:\WINDOWS\System32\bcryptPrimitives.dll
0x00007ffcff300000 - 0x00007ffcff30e000 	C:\Program Files\Java\jdk-17\bin\instrument.dll
0x00007ffca16f0000 - 0x00007ffca1715000 	C:\Program Files\Java\jdk-17\bin\java.dll

dbghelp: loaded successfully - version: 4.0.5 - missing functions: none
symbol engine: initialized successfully - sym options: 0x614 - pdb path: .;C:\Program Files\Java\jdk-17\bin;C:\WINDOWS\SYSTEM32;C:\WINDOWS\WinSxS\amd64_microsoft.windows.common-controls_6595b64144ccf1df_6.0.22000.120_none_9d947278b86cc467;C:\Program Files\Avecto\Privilege Guard Client;C:\Program Files\Java\jdk-17\bin\server

VM Arguments:
jvm_args: -javaagent:C:\Program Files\JetBrains\IntelliJ IDEA Community Edition 2022.3.1\lib\idea_rt.jar=64428:C:\Program Files\JetBrains\IntelliJ IDEA Community Edition 2022.3.1\bin -Dfile.encoding=UTF-8 
java_command: com.retailer.order.OrderServiceApplication
java_class_path (initial): C:\SpringBoot\SB_MICRO_TEST\microservices-order\order-service\target\classes;C:\Users\n.sakibanda\.m2\repository\org\springframework\boot\spring-boot-starter-data-jpa\3.0.2\spring-boot-starter-data-jpa-3.0.2.jar;C:\Users\n.sakibanda\.m2\repository\org\springframework\boot\spring-boot-starter-jdbc\3.0.2\spring-boot-starter-jdbc-3.0.2.jar;C:\Users\n.sakibanda\.m2\repository\com\zaxxer\HikariCP\5.0.1\HikariCP-5.0.1.jar;C:\Users\n.sakibanda\.m2\repository\org\springframework\spring-jdbc\6.0.4\spring-jdbc-6.0.4.jar;C:\Users\n.sakibanda\.m2\repository\org\hibernate\orm\hibernate-core\6.1.6.Final\hibernate-core-6.1.6.Final.jar;C:\Users\n.sakibanda\.m2\repository\jakarta\persistence\jakarta.persistence-api\3.1.0\jakarta.persistence-api-3.1.0.jar;C:\Users\n.sakibanda\.m2\repository\jakarta\transaction\jakarta.transaction-api\2.0.1\jakarta.transaction-api-2.0.1.jar;C:\Users\n.sakibanda\.m2\repository\org\jboss\logging\jboss-logging\3.5.0.Final\jboss-logging-3.5.0.Final.jar;C:\Users\n.sakibanda\.m2\repository\org\hibernate\common\hibernate-commons-annotations\6.0.2.Final\hibernate-commons-annotations-6.0.2.Final.jar;C:\Users\n.sakibanda\.m2\repository\org\jboss\jandex\2.4.2.Final\jandex-2.4.2.Final.jar;C:\Users\n.sakibanda\.m2\repository\net\bytebuddy\byte-buddy\1.12.22\byte-buddy-1.12.22.jar;C:\Users\n.sakibanda\.m2\repository\org\glassfish\jaxb\jaxb-runtime\4.0.1\jaxb-runtime-4.0.1.jar;C:\Users\n.sakibanda\.m2\repository\org\glassfish\jaxb\jaxb-core\4.0.1\jaxb-core-4.0.1.jar;C:\Users\n.sakibanda\.m2\repository\org\eclipse\angus\angus-activation\1.0.0\angus-activation-1.0.0.jar;C:\Users\n.sakibanda\.m2\repository\org\glassfish\jaxb\txw2\4.0.1\txw2-4.0.1.jar;C:\Users\n.sakibanda\.m2\repository\com\sun\istack\istack-commons-runtime\4.1.1\istack-commons-runtime-4.1.1.jar;C:\Users\n.sakibanda\.m2\repository\jakarta\inject\jakarta.inject-api\2.0.0\jakarta.inject-api-2.0.0.jar;C:\Users\n.sakibanda\.m2\repository\org\antlr\antlr4-runtime\4.10.1\antlr4-ru
Launcher Type: SUN_STANDARD

[Global flags]
     intx CICompilerCount                          = 4                                         {product} {ergonomic}
     uint ConcGCThreads                            = 2                                         {product} {ergonomic}
     uint G1ConcRefinementThreads                  = 8                                         {product} {ergonomic}
   size_t G1HeapRegionSize                         = 1048576                                   {product} {ergonomic}
    uintx GCDrainStackTargetSize                   = 64                                        {product} {ergonomic}
   size_t InitialHeapSize                          = 130023424                                 {product} {ergonomic}
   size_t MarkStackSize                            = 4194304                                   {product} {ergonomic}
   size_t MaxHeapSize                              = 2078277632                                {product} {ergonomic}
   size_t MinHeapDeltaBytes                        = 1048576                                   {product} {ergonomic}
   size_t MinHeapSize                              = 8388608                                   {product} {ergonomic}
    uintx NonNMethodCodeHeapSize                   = 5839372                                {pd product} {ergonomic}
    uintx NonProfiledCodeHeapSize                  = 122909434                              {pd product} {ergonomic}
    uintx ProfiledCodeHeapSize                     = 122909434                              {pd product} {ergonomic}
    uintx ReservedCodeCacheSize                    = 251658240                              {pd product} {ergonomic}
     bool SegmentedCodeCache                       = true                                      {product} {ergonomic}
   size_t SoftMaxHeapSize                          = 2078277632                             {manageable} {ergonomic}
     bool UseCompressedClassPointers               = true                           {product lp64_product} {ergonomic}
     bool UseCompressedOops                        = true                           {product lp64_product} {ergonomic}
     bool UseG1GC                                  = true                                      {product} {ergonomic}
     bool UseLargePagesIndividualAllocation        = false                                  {pd product} {ergonomic}

Logging:
Log output configuration:
 #0: stdout all=warning uptime,level,tags
 #1: stderr all=off uptime,level,tags

Environment Variables:
JAVA_HOME=C:\Program Files\Java\jdk-17\bin
PATH=C:\Program Files\Common Files\Oracle\Java\javapath;C:\Program Files (x86)\Common Files\Oracle\Java\javapath;C:\WINDOWS\system32;C:\WINDOWS;C:\WINDOWS\System32\Wbem;C:\WINDOWS\System32\WindowsPowerShell\v1.0\;C:\WINDOWS\System32\OpenSSH\;C:\Program Files (x86)\Pulse Secure\VC142.CRT\X64\;C:\Program Files (x86)\Pulse Secure\VC142.CRT\X86\;C:\Program Files (x86)\Common Files\Pulse Secure\VC142.CRT\X64\;C:\Program Files (x86)\Common Files\Pulse Secure\VC142.CRT\X86\;C:\Program Files\apache-maven-3.8.7\bin;C:\Program Files\MySQL\MySQL Shell 8.0\bin\;C:\Users\n.sakibanda\AppData\Local\Microsoft\WindowsApps;C:\Users\n.sakibanda\AppData\Local\Programs\Microsoft VS Code\bin;C:\Users\n.sakibanda\AppData\Local\Programs\Git\cmd;C:\Program Files\apache-maven-3.8.7\bin;C:\Program Files\Java\jdk-17\bin\bin;
USERNAME=n.sakibanda
OS=Windows_NT
PROCESSOR_IDENTIFIER=Intel64 Family 6 Model 140 Stepping 1, GenuineIntel



---------------  S Y S T E M  ---------------

OS:
 Windows 11 , 64 bit Build 22000 (10.0.22000.1516)
OS uptime: 0 days 7:40 hours
Hyper-V role detected

CPU: total 8 (initial active 8) (4 cores per cpu, 2 threads per core) family 6 model 140 stepping 1 microcode 0xa4, cx8, cmov, fxsr, ht, mmx, 3dnowpref, sse, sse2, sse3, ssse3, sse4.1, sse4.2, popcnt, lzcnt, tsc, tscinvbit, avx, avx2, aes, erms, clmul, bmi1, bmi2, adx, avx512f, avx512dq, avx512cd, avx512bw, avx512vl, sha, fma, vzeroupper, avx512_vpopcntdq, avx512_vpclmulqdq, avx512_vaes, avx512_vnni, clflush, clflushopt, clwb, avx512_vbmi2, avx512_vbmi, hv

Memory: 4k page, system-wide physical 7920M (112M free)
TotalPageFile size 20208M (AvailPageFile size 119M)
current process WorkingSet (physical memory assigned to process): 12M, peak: 12M
current process commit charge ("private bytes"): 61M, peak: 185M

vm_info: Java HotSpot(TM) 64-Bit Server VM (17.0.6+9-LTS-190) for windows-amd64 JRE (17.0.6+9-LTS-190), built on Dec  6 2022 15:53:54 by "mach5one" with MS VC++ 17.1 (VS2022)

END.
